Connecting to database specified by database.yml
Connecting to database specified by database.yml
  [1m[36m (0.2ms)[0m  [1mselect sqlite_version(*)[0m
  [1m[35m (2.8ms)[0m  CREATE TABLE "schema_migrations" ("version" varchar(255) NOT NULL) 
  [1m[36m (2.6ms)[0m  [1mCREATE UNIQUE INDEX "unique_schema_migrations" ON "schema_migrations" ("version")[0m
  [1m[35m (2.5ms)[0m  SELECT "schema_migrations"."version" FROM "schema_migrations" 
Migrating to CreateTodos (20130501021302)
  [1m[36m (0.1ms)[0m  [1mbegin transaction[0m
  [1m[35m (0.6ms)[0m  CREATE TABLE "todos" ("id" INTEGER PRIMARY KEY AUTOINCREMENT NOT NULL, "name" varchar(255), "completed" boolean, "created_at" datetime NOT NULL, "updated_at" datetime NOT NULL) 
  [1m[36m (0.2ms)[0m  [1mINSERT INTO "schema_migrations" ("version") VALUES ('20130501021302')[0m
  [1m[35m (2.1ms)[0m  commit transaction
  [1m[36m (0.1ms)[0m  [1mSELECT "schema_migrations"."version" FROM "schema_migrations" [0m
Connecting to database specified by database.yml


Started GET "/" for 127.0.0.1 at 2013-04-30 19:19:45 -0700
Processing by TodosController#new as HTML
  Rendered todos/_form.html.erb (78.9ms)
  Rendered todos/new.html.erb within layouts/application (125.5ms)
Compiled scaffolds.css  (47ms)  (pid 6579)
Compiled todos.css  (2ms)  (pid 6579)
Compiled application.css  (72ms)  (pid 6579)
Compiled jquery.js  (3ms)  (pid 6579)
Compiled jquery_ujs.js  (0ms)  (pid 6579)
Compiled todos.js  (180ms)  (pid 6579)
Compiled application.js  (259ms)  (pid 6579)
Completed 200 OK in 727ms (Views: 690.5ms | ActiveRecord: 2.5ms)


Started GET "/" for 127.0.0.1 at 2013-04-30 19:19:45 -0700
Processing by TodosController#new as HTML
  Rendered todos/_form.html.erb (3.6ms)
  Rendered todos/new.html.erb within layouts/application (4.7ms)
Completed 200 OK in 28ms (Views: 27.7ms | ActiveRecord: 0.0ms)


Started GET "/assets/application.css?body=1" for 127.0.0.1 at 2013-04-30 19:19:46 -0700
Served asset /application.css - 304 Not Modified (8ms)


Started GET "/assets/jquery.js?body=1" for 127.0.0.1 at 2013-04-30 19:19:46 -0700
Served asset /jquery.js - 304 Not Modified (11ms)


Started GET "/assets/application.js?body=1" for 127.0.0.1 at 2013-04-30 19:19:46 -0700
Served asset /application.js - 304 Not Modified (7ms)


Started GET "/assets/scaffolds.css?body=1" for 127.0.0.1 at 2013-04-30 19:19:46 -0700
Served asset /scaffolds.css - 304 Not Modified (1ms)


Started GET "/assets/jquery_ujs.js?body=1" for 127.0.0.1 at 2013-04-30 19:19:46 -0700
Served asset /jquery_ujs.js - 304 Not Modified (2ms)


Started GET "/assets/todos.js?body=1" for 127.0.0.1 at 2013-04-30 19:19:46 -0700
Served asset /todos.js - 200 OK (7ms)


Started GET "/assets/todos.css?body=1" for 127.0.0.1 at 2013-04-30 19:19:46 -0700
Served asset /todos.css - 200 OK (1ms)


Started GET "/" for 127.0.0.1 at 2013-04-30 19:27:46 -0700
Processing by TodosController#new as HTML
  Rendered todos/new.html.erb within layouts/application (92.2ms)
Completed 500 Internal Server Error in 102ms

ActionView::Template::Error (undefined method `each' for nil:NilClass):
    37:     <th></th>
    38:   </tr>
    39: 
    40: <% @todos.each do |todo| %>
    41:   <tr>
    42:     <td><%= todo.name %></td>
    43:     <td><%= todo.completed %></td>
  app/views/todos/new.html.erb:40:in `_app_views_todos_new_html_erb__604689634630082603_70162299280760'
  app/controllers/todos_controller.rb:29:in `new'


  Rendered /Users/Matt/.rvm/rubies/ruby-1.9.3-p392/lib/ruby/gems/1.9.1/gems/actionpack-3.2.13/lib/action_dispatch/middleware/templates/rescues/_trace.erb (2.0ms)
  Rendered /Users/Matt/.rvm/rubies/ruby-1.9.3-p392/lib/ruby/gems/1.9.1/gems/actionpack-3.2.13/lib/action_dispatch/middleware/templates/rescues/_request_and_response.erb (1.2ms)
  Rendered /Users/Matt/.rvm/rubies/ruby-1.9.3-p392/lib/ruby/gems/1.9.1/gems/actionpack-3.2.13/lib/action_dispatch/middleware/templates/rescues/template_error.erb within rescues/layout (16.7ms)
